#
# A fatal error has been detected by the Java Runtime Environment:
#
#  SIGBUS (0x7) at pc=0x000071ed7e118ad0, pid=935, tid=120778
#

[error occurred during error reporting (printing Java version string), id 0x7, SIGBUS (0x7) at pc=0x000071ed7ed997a2]

# Problematic frame:
# 
[error occurred during error reporting (printing problematic frame), id 0x7, SIGBUS (0x7) at pc=0x000071ed7ed5c7a8]

# No core dump will be written. 
#
# If you would like to submit a bug report, please visit:
#   Unknown
# The crash happened outside the Java Virtual Machine in native code.
# See problematic frame for where to report the bug.
#

---------------  S U M M A R Y ------------

Command Line: -Xmx11g -XX:+IgnoreUnrecognizedVMOptions --add-opens=java.base/java.lang=ALL-UNNAMED --add-opens=java.base/java.lang.invoke=ALL-UNNAMED --add-opens=java.base/java.lang.reflect=ALL-UNNAMED --add-opens=java.base/java.io=ALL-UNNAMED --add-opens=java.base/java.net=ALL-UNNAMED --add-opens=java.base/java.nio=ALL-UNNAMED --add-opens=java.base/java.util=ALL-UNNAMED --add-opens=java.base/java.util.concurrent=ALL-UNNAMED --add-opens=java.base/java.util.concurrent.atomic=ALL-UNNAMED --add-opens=java.base/sun.nio.ch=ALL-UNNAMED --add-opens=java.base/sun.nio.cs=ALL-UNNAMED --add-opens=java.base/sun.security.action=ALL-UNNAMED --add-opens=java.base/sun.util.calendar=ALL-UNNAMED --add-opens=java.security.jgss/sun.security.krb5=ALL-UNNAMED -Djdk.reflect.useDirectMethodHandle=false org.apache.spark.deploy.SparkSubmit --conf spark.executor.memory=9g --conf spark.driver.memory=11g --conf spark.kryoserializer.buffer.max=512m --conf spark.driver.maxResultSize=4g --conf spark.default.parallelism=32 --conf spark.sql.adaptive.enabled=true --conf spark.sql.adaptive.coalescePartitions.enabled=true --conf spark.serializer=org.apache.spark.serializer.KryoSerializer --conf spark.app.name=CSCI316-Task2-Optimized --conf spark.executor.cores=6 pyspark-shell

Host: AMD Ryzen 7 7800X3D 8-Core Processor, 16 cores, 15G, Linux
Time: Mon Aug 18 11:31:16 2025 UTC elapsed time: 45395.438884 seconds (0d 12h 36m 35s)

---------------  T H R E A D  ---------------

Current thread (0x000071ec341211b0):  JavaThread "Executor task launch worker for task 0.0 in stage 39148.0 (TID 1227114)" daemon [_thread_in_native, id=120778, stack(0x000071ec28000000,0x000071ec28100000)]

Stack: [0x000071ec28000000,0x000071ec28100000],  sp=0x000071ec280fbc70,  free space=1007k
Native frames: (J=compiled Java code, j=interpreted, Vv=VM code, C=native code)

[error occurred during error reporting (printing native stack), id 0x7, SIGBUS (0x7) at pc=0x000071ed7ed5c7a8]

Java frames: (J=compiled Java code, j=interpreted, Vv=VM code)
J 8444  java.io.FileOutputStream.writeBytes([BIIZ)V java.base@17.0.8.1 (0 bytes) @ 0x000071ed695ca5f4 [0x000071ed695ca5a0+0x0000000000000054]
J 10823 c2 java.io.FileOutputStream.write([BII)V java.base@17.0.8.1 (20 bytes) @ 0x000071ed697cdddc [0x000071ed697cdda0+0x000000000000003c]
J 40507 c2 org.apache.spark.shuffle.sort.io.LocalDiskShuffleMapOutputWriter$PartitionWriterStream.write([BII)V (29 bytes) @ 0x000071ed6a7d483c [0x000071ed6a7d45a0+0x000000000000029c]
J 39943 c2 org.apache.spark.io.MutableCheckedOutputStream.write([BII)V (46 bytes) @ 0x000071ed69b6a488 [0x000071ed69b6a2e0+0x00000000000001a8]
J 39951 c2 net.jpountz.lz4.LZ4BlockOutputStream.flushBufferedData()V (218 bytes) @ 0x000071ed69c6636c [0x000071ed69c65b40+0x000000000000082c]
J 39959 c2 net.jpountz.lz4.LZ4BlockOutputStream.write([BII)V (106 bytes) @ 0x000071ed69c635f0 [0x000071ed69c63440+0x00000000000001b0]
J 58400 c2 com.esotericsoftware.kryo.serializers.DefaultArraySerializers$DoubleArraySerializer.write(Lcom/esotericsoftware/kryo/Kryo;Lcom/esotericsoftware/kryo/io/Output;Ljava/lang/Object;)V (11 bytes) @ 0x000071ed6cb61450 [0x000071ed6cb61220+0x0000000000000230]
J 58174 c2 com.esotericsoftware.kryo.Kryo.writeObjectOrNull(Lcom/esotericsoftware/kryo/io/Output;Ljava/lang/Object;Lcom/esotericsoftware/kryo/Serializer;)V (246 bytes) @ 0x000071ed6c108edc [0x000071ed6c108dc0+0x000000000000011c]
J 37972 c2 com.esotericsoftware.kryo.serializers.ObjectField.write(Lcom/esotericsoftware/kryo/io/Output;Ljava/lang/Object;)V (415 bytes) @ 0x000071ed6ab233dc [0x000071ed6ab232c0+0x000000000000011c]
J 26109 c2 com.esotericsoftware.kryo.serializers.FieldSerializer.write(Lcom/esotericsoftware/kryo/Kryo;Lcom/esotericsoftware/kryo/io/Output;Ljava/lang/Object;)V (193 bytes) @ 0x000071ed6a848370 [0x000071ed6a8482a0+0x00000000000000d0]
J 61487 c2 com.esotericsoftware.kryo.Kryo.writeClassAndObject(Lcom/esotericsoftware/kryo/io/Output;Ljava/lang/Object;)V (212 bytes) @ 0x000071ed6c8005b4 [0x000071ed6c800460+0x0000000000000154]
J 55592 c2 org.apache.spark.shuffle.ShufflePartitionPairsWriter.write(Ljava/lang/Object;Ljava/lang/Object;)V (67 bytes) @ 0x000071ed6bcaa2fc [0x000071ed6bca9580+0x0000000000000d7c]
J 56277 c2 org.apache.spark.util.collection.ExternalSorter.$anonfun$writePartitionedMapOutput$1(Lorg/apache/spark/util/collection/ExternalSorter;Lscala/runtime/ObjectRef;Lorg/apache/spark/shuffle/api/ShuffleMapOutputWriter;IIJLscala/runtime/ObjectRef;Lorg/apache/spark/util/collection/WritablePartitionedIterator;)V (134 bytes) @ 0x000071ed6b7a16a4 [0x000071ed6b7a1080+0x0000000000000624]
J 61101 c2 org.apache.spark.util.collection.ExternalSorter$$Lambda$6811+0x000071ecf1696568.apply$mcV$sp()V (36 bytes) @ 0x000071ed6c05b418 [0x000071ed6c05b3a0+0x0000000000000078]
J 9695 c2 scala.runtime.java8.JFunction0$mcV$sp.apply()Ljava/lang/Object; (10 bytes) @ 0x000071ed696de85c [0x000071ed696de820+0x000000000000003c]
J 29831 c2 org.apache.spark.util.SparkErrorUtils.tryWithSafeFinally(Lscala/Function0;Lscala/Function0;)Ljava/lang/Object; (211 bytes) @ 0x000071ed6a0c63e8 [0x000071ed6a0c63a0+0x0000000000000048]
J 61244 c1 org.apache.spark.util.collection.ExternalSorter.writePartitionedMapOutput(IJLorg/apache/spark/shuffle/api/ShuffleMapOutputWriter;)V (186 bytes) @ 0x000071ed6237799c [0x000071ed62376460+0x000000000000153c]
J 49912 c2 org.apache.spark.shuffle.sort.SortShuffleWriter.write(Lscala/collection/Iterator;)V (205 bytes) @ 0x000071ed6bd16408 [0x000071ed6bd15ea0+0x0000000000000568]
J 44407 c2 org.apache.spark.TaskContext.runTaskWithListeners(Lorg/apache/spark/scheduler/Task;)Ljava/lang/Object; (74 bytes) @ 0x000071ed6b44f6ec [0x000071ed6b44c200+0x00000000000034ec]
J 44493 c2 org.apache.spark.scheduler.Task.run(JILorg/apache/spark/metrics/MetricsSystem;ILscala/collection/immutable/Map;Lscala/Option;)Ljava/lang/Object; (356 bytes) @ 0x000071ed6b4942e8 [0x000071ed6b4914a0+0x0000000000002e48]
J 46796 c2 org.apache.spark.executor.Executor$TaskRunner.run()V (2830 bytes) @ 0x000071ed6b7c1ffc [0x000071ed6b7c0340+0x0000000000001cbc]
J 57510 c2 java.lang.Thread.run()V java.base@17.0.8.1 (17 bytes) @ 0x000071ed6c6c2594 [0x000071ed6c6c2340+0x0000000000000254]
v  ~StubRoutines::call_stub

siginfo: si_signo: 7 (SIGBUS), si_code: 2 (BUS_ADRERR), si_addr: 0x000071ed7e118ad0

Register to memory mapping:

RAX=
[error occurred during error reporting (printing register info), id 0x7, SIGBUS (0x7) at pc=0x000071ed7ed5c7a8]

Registers:
RAX=0x000071ed7eb5d4c0, RBX=0x000071ec280fdf10, RCX=0x000071ec280fbc78, RDX=0x000071ec7c4c05d0
RSP=0x000071ec280fbc68, RBP=0x000071ec280fbd60, RSI=0x000071eb98022778, RDI=0x000071ec34121460
R8 =0x000071eceb06bc28, R9 =0x0000000000000004, R10=0x000071ec7c4c05d0, R11=0x0000000000000005
R12=0x000071ec34121460, R13=0x000071ec7c4c05d0, R14=0x000071eb98022778, R15=0x000071ed7d3f766a
RIP=0x000071ed7e118ad0, EFLAGS=0x0000000000010202, CSGSFS=0x002b000000000033, ERR=0x0000000000000014
  TRAPNO=0x000000000000000e

Top of Stack: (sp=0x000071ec280fbc68)
0x000071ec280fbc68:   000071ed7d3f052b 0000000000000005
0x000071ec280fbc78:   0000003000000018 000071ec280fbd70
0x000071ec280fbc88:   000071ec280fbc90 000071ed7edc050a
0x000071ec280fbc98:   000043d500000005 000071ed78103c60 

Instructions: (pc=0x000071ed7d3f052b)
0x000071ed7d3f042b:   00 00 00 00 00 f3 0f 1e fa 55 48 89 e5 41 57 49
0x000071ed7d3f043b:   89 d7 41 56 41 55 49 89 f5 41 54 49 89 fc 48 81
0x000071ed7d3f044b:   ec d0 00 00 00 48 89 8d 48 ff ff ff 4c 89 85 50
0x000071ed7d3f045b:   ff ff ff 4c 89 8d 58 ff ff ff 84 c0 74 26 0f 29
0x000071ed7d3f046b:   85 60 ff ff ff 0f 29 8d 70 ff ff ff 0f 29 55 80
0x000071ed7d3f047b:   0f 29 5d 90 0f 29 65 a0 0f 29 6d b0 0f 29 75 c0
0x000071ed7d3f048b:   0f 29 7d d0 49 8b 04